Build started 12/23/2014 8:54:14 PM.
     1>Project "C:\Users\Mahmoud Abaza\Documents\Visual Studio 2010\My Doings\A5eeeeeeeeeeeeran\A5eeeeeeeeeeeeran\A5eeeeeeeeeeeeran.vcxproj" on node 2 (build target(s)).
     1>InitializeBuildStatus:
         Touching "Debug\A5eeeeeeeeeeeeran.unsuccessfulbuild".
       ClCompile:
         C:\Program Files (x86)\Microsoft Visual Studio 10.0\VC\bin\CL.exe /c /ZI /nologo /W3 /WX- /Od /Oy- /D WIN32 /D _DEBUG /D _CONSOLE /D _UNICODE /D UNICODE /Gm /EHsc /RTC1 /MDd /GS /fp:precise /Zc:wchar_t /Zc:forScope /Fo"Debug\\" /Fd"Debug\vc100.pdb" /Gd /TP /analyze- /errorReport:prompt Weeeeeeeeeeeeeeeeeee.cpp
         Weeeeeeeeeeeeeeeeeee.cpp
     1>c:\users\mahmoud abaza\documents\visual studio 2010\my doings\a5eeeeeeeeeeeeran\a5eeeeeeeeeeeeran\weeeeeeeeeeeeeeeeeee.cpp(8): error C2146: syntax error : missing ';' before identifier 'cin'
     1>Done Building Project "C:\Users\Mahmoud Abaza\Documents\Visual Studio 2010\My Doings\A5eeeeeeeeeeeeran\A5eeeeeeeeeeeeran\A5eeeeeeeeeeeeran.vcxproj" (build target(s)) -- FAILED.

Build FAILED.

Time Elapsed 00:00:01.59
